<?xml version="1.0" encoding="UTF-8"?>
<testng-results ignored="0" total="1" passed="1" failed="0" skipped="0">
  <reporter-output>
  </reporter-output>
  <suite started-at="2024-02-08T20:22:14 IST" name="Default suite" finished-at="2024-02-08T20:22:18 IST" duration-ms="4607">
    <groups>
    </groups>
    <test started-at="2024-02-08T20:22:14 IST" name="Default test" finished-at="2024-02-08T20:22:18 IST" duration-ms="4607">
      <class name="crmtest.Maintest">
        <test-method signature="test()[pri:0, instance:crmtest.Maintest@47faa49c]" started-at="2024-02-08T20:22:14 IST" name="test" finished-at="2024-02-08T20:22:18 IST" duration-ms="4579" status="PASS">
          <reporter-output>
          </reporter-output>
        </test-method> <!-- test -->
      </class> <!-- crmtest.Maintest -->
    </test> <!-- Default test -->
  </suite> <!-- Default suite -->
</testng-results>
